Flutter crash report.
Please report a bug at https://github.com/flutter/flutter/issues.

## command

flutter run

## exception

SocketException: SocketException: Send failed (OS Error: No route to host, errno = 65), address = 0.0.0.0, port = 5353

```
#0      _NativeSocket.send (dart:io-patch/socket_patch.dart:1269:34)
#1      _RawDatagramSocket.send (dart:io-patch/socket_patch.dart:2584:15)
#2      MDnsClient.lookup (package:multicast_dns/multicast_dns.dart:225:14)
#3      MDnsVmServiceDiscovery._pollingVmService (package:flutter_tools/src/mdns_discovery.dart:232:66)
<asynchronous suspension>
#4      MDnsVmServiceDiscovery.firstMatchingVmService (package:flutter_tools/src/mdns_discovery.dart:188:56)
<asynchronous suspension>
#5      MDnsVmServiceDiscovery.getVMServiceUriForLaunch (package:flutter_tools/src/mdns_discovery.dart:433:50)
<asynchronous suspension>
#6      Future.wait.<anonymous closure> (dart:async/future.dart:524:21)
<asynchronous suspension>
#7      Future.any.onValue (dart:async/future.dart:618:5)
<asynchronous suspension>
```

## flutter doctor

```
[32m[✓][39m Flutter (Channel stable, 3.22.3, on macOS 15.3.2 24D81
    darwin-arm64, locale ko-KR)
    [32m•[39m Flutter version 3.22.3 on channel stable at
      /usr/local/Caskroom/flutter/3.3.2/flutter
    [32m•[39m Upstream repository
      https://github.com/flutter/flutter.git
    [32m•[39m Framework revision b0850beeb2 (9 months ago),
      2024-07-16 21:43:41 -0700
    [32m•[39m Engine revision 235db911ba
    [32m•[39m Dart version 3.4.4
    [32m•[39m DevTools version 2.34.3

[32m[✓][39m Android toolchain - develop for Android devices
    (Android SDK version 33.0.0)
    [32m•[39m Android SDK at /Users/hanjinsung/Library/Android/sdk
    [32m•[39m Platform android-33, build-tools 33.0.0
    [32m•[39m Java binary at: /Applications/Android
      Studio.app/Contents/jre/Contents/Home/bin/java
    [32m•[39m Java version OpenJDK Runtime Environment (build
      11.0.13+0-b1751.21-8125866)
    [32m•[39m All Android licenses accepted.

[32m[✓][39m Xcode - develop for iOS and macOS (Xcode 16.3)
    [32m•[39m Xcode at /Applications/Xcode.app/Contents/Developer
    [32m•[39m Build 16E140
    [32m•[39m CocoaPods version 1.16.2

[32m[✓][39m Chrome - develop for the web
    [32m•[39m Chrome at /Applications/Google
      Chrome.app/Contents/MacOS/Google Chrome

[32m[✓][39m Android Studio (version 2021.3)
    [32m•[39m Android Studio at /Applications/Android
      Studio.app/Contents
    [32m•[39m Flutter plugin can be installed from:
      🔨 https://plugins.jetbrains.com/plugin/9212-flutter
    [32m•[39m Dart plugin can be installed from:
      🔨 https://plugins.jetbrains.com/plugin/6351-dart
    [32m•[39m Java version OpenJDK Runtime Environment (build
      11.0.13+0-b1751.21-8125866)

[32m[✓][39m IntelliJ IDEA Community Edition (version 2021.3.3)
    [32m•[39m IntelliJ at /Applications/IntelliJ IDEA CE.app
    [32m•[39m Flutter plugin can be installed from:
      🔨 https://plugins.jetbrains.com/plugin/9212-flutter
    [32m•[39m Dart plugin can be installed from:
      🔨 https://plugins.jetbrains.com/plugin/6351-dart

[32m[✓][39m VS Code (version 1.99.0)
    [32m•[39m VS Code at /Applications/Visual Studio Code
      2.app/Contents
    [32m•[39m Flutter extension version 3.108.0

[32m[✓][39m Connected device (5 available)
    [32m•[39m 한진성의 iPhone (mobile)            •
      00008130-001C08410E30001C            • ios
      • iOS 18.3.2 22D82
    [32m•[39m iPhone 16 Pro (mobile)          •
      391712D5-E97E-4E49-BFF4-1FCB1274242E • ios
      • com.apple.CoreSimulator.SimRuntime.iOS-18-4
      (simulator)
    [32m•[39m macOS (desktop)                 • macos
      • darwin-arm64   • macOS 15.3.2 24D81 darwin-arm64
    [32m•[39m Mac Designed for iPad (desktop) •
      mac-designed-for-ipad                • darwin
      • macOS 15.3.2 24D81 darwin-arm64
    [32m•[39m Chrome (web)                    • chrome
      • web-javascript • Google Chrome 135.0.7049.85

[32m[✓][39m Network resources
    [32m•[39m All expected network resources are available.

[32m•[39m No issues found!
```
